<?xml version="1.0" encoding="UTF-8"?>
<testng-results skipped="0" failed="0" ignored="0" total="1" passed="1">
  <reporter-output>
  </reporter-output>
  <suite name="Default suite" duration-ms="11171" started-at="2023-01-09T18:34:35Z" finished-at="2023-01-09T18:34:46Z">
    <groups>
    </groups>
    <test name="Default test" duration-ms="11171" started-at="2023-01-09T18:34:35Z" finished-at="2023-01-09T18:34:46Z">
      <class name="test.AddContactTest">
        <test-method status="PASS" signature="userShouldBeAbleToAddCustomer()[pri:0, instance:test.AddContactTest@776b83cc]" name="userShouldBeAbleToAddCustomer" duration-ms="11151" started-at="2023-01-09T12:34:35Z" finished-at="2023-01-09T12:34:46Z">
          <reporter-output>
          </reporter-output>
        </test-method> <!-- userShouldBeAbleToAddCustomer -->
      </class> <!-- test.AddContactTest -->
    </test> <!-- Default test -->
  </suite> <!-- Default suite -->
</testng-results>
